<?xml version="1.0" encoding="UTF-8"?>
<testsuite xmlns:xsi="http://www.w3.org/2001/XMLSchema-instance" xsi:noNamespaceSchemaLocation="https://maven.apache.org/surefire/maven-surefire-plugin/xsd/surefire-test-report-3.0.xsd" version="3.0" name="arrays_hashing_test.IsAnagramTest" time="0.065" tests="6" errors="0" skipped="0" failures="0">
  <properties>
[...]
</properties>
  <testcase name="IsAnagramTestBruteCase1(String, String, boolean)[1]" classname="arrays_hashing_test.IsAnagramTest" time="0.015">
    <system-out><![CDATA[&amp#27;[32mIsAnagramTestBruteCase1 : { Test passed }&amp#27;[0m
Result: true || Expected: true
Runtime: &amp#27;[32m0ms&amp#27;[0m

]]></system-out>
  </testcase>
  <testcase name="IsAnagramTestBruteCase1(String, String, boolean)[2]" classname="arrays_hashing_test.IsAnagramTest" time="0.004">
    <system-out><![CDATA[&amp#27;[32mIsAnagramTestBruteCase1 : { Test passed }&amp#27;[0m
Result: false || Expected: false
Runtime: &amp#27;[32m1ms&amp#27;[0m

]]></system-out>
  </testcase>
  <testcase name="IsAnagramTestHashMapCase2(String, String, boolean)[1]" classname="arrays_hashing_test.IsAnagramTest" time="0.003">
    <system-out><![CDATA[&amp#27;[32mIsAnagramTestHashMapCase2 : { Test passed }&amp#27;[0m
Result: true || Expected: true
Runtime: &amp#27;[32m0ms&amp#27;[0m

]]></system-out>
  </testcase>
  <testcase name="IsAnagramTestHashMapCase2(String, String, boolean)[2]" classname="arrays_hashing_test.IsAnagramTest" time="0.003">
    <system-out><![CDATA[&amp#27;[32mIsAnagramTestHashMapCase2 : { Test passed }&amp#27;[0m
Result: false || Expected: false
Runtime: &amp#27;[32m0ms&amp#27;[0m

]]></system-out>
  </testcase>
  <testcase name="IsAnagramTestFrequencyArrayCase3(String, String, boolean)[1]" classname="arrays_hashing_test.IsAnagramTest" time="0.006">
    <system-out><![CDATA[&amp#27;[32mIsAnagramTestFrequencyArrayCase3 : { Test passed }&amp#27;[0m
Result: true || Expected: true
Runtime: &amp#27;[32m3ms&amp#27;[0m

]]></system-out>
  </testcase>
  <testcase name="IsAnagramTestFrequencyArrayCase3(String, String, boolean)[2]" classname="arrays_hashing_test.IsAnagramTest" time="0.003">
    <system-out><![CDATA[&amp#27;[32mIsAnagramTestFrequencyArrayCase3 : { Test passed }&amp#27;[0m
Result: false || Expected: false
Runtime: &amp#27;[32m0ms&amp#27;[0m

]]></system-out>
  </testcase>
</testsuite>