<?xml version="1.0" encoding="UTF-8"?>
<!-- Generated by org.testng.reporters.JUnitXMLReporter -->
<testsuite ignored="0" hostname="DESKTOP-N68IUBD" failures="0" tests="3" name="Default test" time="0.047" errors="0" timestamp="2024-06-23T01:00:06 BRT">
  <testcase classname="Complexidade.TimeTestUsingNG" name="testIsInBinario" time="0.011"/>
  <testcase classname="Complexidade.TimeTestUsingNG" name="testOrdena" time="0.002"/>
  <testcase classname="Complexidade.TimeTestUsingNG" name="testisIn" time="0.001"/>
</testsuite> <!-- Default test -->
