<?xml version="1.0" encoding="UTF-8"?>
<testng-results ignored="0" total="3" passed="3" failed="0" skipped="0">
  <reporter-output>
  </reporter-output>
  <suite started-at="2024-06-23T01:00:06 BRT" name="Default suite" finished-at="2024-06-23T01:00:06 BRT" duration-ms="47">
    <groups>
    </groups>
    <test started-at="2024-06-23T01:00:06 BRT" name="Default test" finished-at="2024-06-23T01:00:06 BRT" duration-ms="47">
      <class name="Complexidade.TimeTestUsingNG">
        <test-method is-config="true" signature="setUp()[pri:0, instance:Complexidade.TimeTestUsingNG@636be97c]" started-at="2024-06-23T01:00:06 BRT" name="setUp" finished-at="2024-06-23T01:00:06 BRT" duration-ms="6" status="PASS">
          <reporter-output>
          </reporter-output>
        </test-method> <!-- setUp -->
        <test-method signature="testIsInBinario()[pri:0, instance:Complexidade.TimeTestUsingNG@636be97c]" started-at="2024-06-23T01:00:06 BRT" name="testIsInBinario" finished-at="2024-06-23T01:00:06 BRT" duration-ms="11" status="PASS">
          <reporter-output>
          </reporter-output>
        </test-method> <!-- testIsInBinario -->
        <test-method signature="testOrdena()[pri:0, instance:Complexidade.TimeTestUsingNG@636be97c]" started-at="2024-06-23T01:00:06 BRT" name="testOrdena" finished-at="2024-06-23T01:00:06 BRT" duration-ms="2" status="PASS">
          <reporter-output>
          </reporter-output>
        </test-method> <!-- testOrdena -->
        <test-method signature="testisIn()[pri:0, instance:Complexidade.TimeTestUsingNG@636be97c]" started-at="2024-06-23T01:00:06 BRT" name="testisIn" finished-at="2024-06-23T01:00:06 BRT" duration-ms="1" status="PASS">
          <reporter-output>
          </reporter-output>
        </test-method> <!-- testisIn -->
      </class> <!-- Complexidade.TimeTestUsingNG -->
    </test> <!-- Default test -->
  </suite> <!-- Default suite -->
</testng-results>
